<?xml version="1.0" encoding="UTF-8"?>
<!-- Generated by org.testng.reporters.JUnitReportReporter -->
<testsuite skipped="10" hostname="DESKTOP-1UVLBD0" name="Xero_TestCases.Implement_Xero" tests="11" failures="0" timestamp="2019-12-31T18:12:40 PST" time="38.842" errors="0">
  <testcase name="signUp_C_TC1" time="38.842" classname="Xero_TestCases.Implement_Xero"/>
  <testcase name="quckbooks_users_TC11" classname="Xero_TestCases.Implement_Xero">
    <skipped/>
  </testcase> <!-- quckbooks_users_TC11 -->
  <testcase name="starter_plan_TC10" classname="Xero_TestCases.Implement_Xero">
    <skipped/>
  </testcase> <!-- starter_plan_TC10 -->
  <testcase name="signUp_E_TC4" classname="Xero_TestCases.Implement_Xero">
    <skipped/>
  </testcase> <!-- signUp_E_TC4 -->
  <testcase name="signUp_E_TC3" classname="Xero_TestCases.Implement_Xero">
    <skipped/>
  </testcase> <!-- signUp_E_TC3 -->
  <testcase name="paid_Version_TC9" classname="Xero_TestCases.Implement_Xero">
    <skipped/>
  </testcase> <!-- paid_Version_TC9 -->
  <testcase name="signUp_E_TC6" classname="Xero_TestCases.Implement_Xero">
    <skipped/>
  </testcase> <!-- signUp_E_TC6 -->
  <testcase name="signUp_E_TC5" classname="Xero_TestCases.Implement_Xero">
    <skipped/>
  </testcase> <!-- signUp_E_TC5 -->
  <testcase name="signUp_D_TC2" classname="Xero_TestCases.Implement_Xero">
    <skipped/>
  </testcase> <!-- signUp_D_TC2 -->
  <testcase name="add_Trail_Version_TC8" classname="Xero_TestCases.Implement_Xero">
    <skipped/>
  </testcase> <!-- add_Trail_Version_TC8 -->
  <testcase name="LoginToXero_TC7" classname="Xero_TestCases.Implement_Xero">
    <skipped/>
  </testcase> <!-- LoginToXero_TC7 -->
</testsuite> <!-- Xero_TestCases.Implement_Xero -->
